# JRE version: OpenJDK Runtime Environment Temurin-17.0.7+7 (17.0.7+7) (build 17.0.7+7)
# Java VM: OpenJDK 64-Bit Server VM Temurin-17.0.7+7 (17.0.7+7, mixed mode, tiered, compressed oops, compressed class ptrs, g1 gc, windows-amd64)
GC Precious Log:
 CPUs: 12 total, 12 available
 Memory: 16222M
 Large Page Support: Disabled
 NUMA Support: Disabled
 Compressed Oops: Enabled (Zero based)
 Heap Region Size: 2M
 Heap Min Capacity: 8M
 Heap Initial Capacity: 254M
 Heap Max Capacity: 4056M
 Pre-touch: Disabled
 Parallel Workers: 10
 Concurrent Workers: 3
 Concurrent Refinement Workers: 10
 Periodic GC: Disabled
Heap:
 garbage-first heap   total 161792K, used 107083K [0x0000000702800000, 0x0000000800000000)
  region size 2048K, 41 young (83968K), 1 survivors (2048K)
 Metaspace       used 76413K, committed 76928K, reserved 1179648K
  class space    used 9588K, committed 9856K, reserved 1048576K
GC Heap History (20 events):
Event: 127.509 GC heap before
{Heap before GC invocations=30 (full 0):
 garbage-first heap   total 161792K, used 119209K [0x0000000702800000, 0x0000000800000000)
  region size 2048K, 47 young (96256K), 3 survivors (6144K)
 Metaspace       used 76406K, committed 76928K, reserved 1179648K
  class space    used 9588K, committed 9856K, reserved 1048576K
}
Event: 127.513 GC heap after
{Heap after GC invocations=31 (full 0):
 garbage-first heap   total 161792K, used 29072K [0x0000000702800000, 0x0000000800000000)
  region size 2048K, 3 young (6144K), 3 survivors (6144K)
 Metaspace       used 76406K, committed 76928K, reserved 1179648K
  class space    used 9588K, committed 9856K, reserved 1048576K
}
Event: 128.437 GC heap before
{Heap before GC invocations=31 (full 0):
 garbage-first heap   total 161792K, used 119184K [0x0000000702800000, 0x0000000800000000)
  region size 2048K, 47 young (96256K), 3 survivors (6144K)
 Metaspace       used 76406K, committed 76928K, reserved 1179648K
  class space    used 9588K, committed 9856K, reserved 1048576K
}
Event: 128.441 GC heap after
{Heap after GC invocations=32 (full 0):
 garbage-first heap   total 161792K, used 29429K [0x0000000702800000, 0x0000000800000000)
  region size 2048K, 1 young (2048K), 1 survivors (2048K)
 Metaspace       used 76406K, committed 76928K, reserved 1179648K
  class space    used 9588K, committed 9856K, reserved 1048576K
}
Event: 129.355 GC heap before
{Heap before GC invocations=32 (full 0):
 garbage-first heap   total 161792K, used 123637K [0x0000000702800000, 0x0000000800000000)
  region size 2048K, 47 young (96256K), 1 survivors (2048K)
 Metaspace       used 76406K, committed 76928K, reserved 1179648K
  class space    used 9588K, committed 9856K, reserved 1048576K
}
Event: 129.356 GC heap after
{Heap after GC invocations=33 (full 0):
 garbage-first heap   total 161792K, used 29307K [0x0000000702800000, 0x0000000800000000)
  region size 2048K, 1 young (2048K), 1 survivors (2048K)
 Metaspace       used 76406K, committed 76928K, reserved 1179648K
  class space    used 9588K, committed 9856K, reserved 1048576K
}
Event: 130.234 GC heap before
{Heap before GC invocations=33 (full 0):
 garbage-first heap   total 161792K, used 123515K [0x0000000702800000, 0x0000000800000000)
  region size 2048K, 47 young (96256K), 1 survivors (2048K)
 Metaspace       used 76406K, committed 76928K, reserved 1179648K
  class space    used 9588K, committed 9856K, reserved 1048576K
}
Event: 130.234 GC heap after
{Heap after GC invocations=34 (full 0):
 garbage-first heap   total 161792K, used 29247K [0x0000000702800000, 0x0000000800000000)
  region size 2048K, 1 young (2048K), 1 survivors (2048K)
 Metaspace       used 76406K, committed 76928K, reserved 1179648K
  class space    used 9588K, committed 9856K, reserved 1048576K
}
Event: 131.102 GC heap before
{Heap before GC invocations=34 (full 0):
 garbage-first heap   total 161792K, used 121407K [0x0000000702800000, 0x0000000800000000)
  region size 2048K, 47 young (96256K), 1 survivors (2048K)
 Metaspace       used 76406K, committed 76928K, reserved 1179648K
  class space    used 9588K, committed 9856K, reserved 1048576K
}
Event: 131.103 GC heap after
{Heap after GC invocations=35 (full 0):
 garbage-first heap   total 161792K, used 29291K [0x0000000702800000, 0x0000000800000000)
  region size 2048K, 1 young (2048K), 1 survivors (2048K)
 Metaspace       used 76406K, committed 76928K, reserved 1179648K
  class space    used 9588K, committed 9856K, reserved 1048576K
}
Event: 132.115 GC heap before
{Heap before GC invocations=35 (full 0):
 garbage-first heap   total 161792K, used 123499K [0x0000000702800000, 0x0000000800000000)
  region size 2048K, 47 young (96256K), 1 survivors (2048K)
 Metaspace       used 76406K, committed 76928K, reserved 1179648K
  class space    used 9588K, committed 9856K, reserved 1048576K
}
Event: 132.116 GC heap after
{Heap after GC invocations=36 (full 0):
 garbage-first heap   total 161792K, used 29287K [0x0000000702800000, 0x0000000800000000)
  region size 2048K, 1 young (2048K), 1 survivors (2048K)
 Metaspace       used 76406K, committed 76928K, reserved 1179648K
  class space    used 9588K, committed 9856K, reserved 1048576K
}
Event: 133.023 GC heap before
{Heap before GC invocations=36 (full 0):
 garbage-first heap   total 161792K, used 123495K [0x0000000702800000, 0x0000000800000000)
  region size 2048K, 47 young (96256K), 1 survivors (2048K)
 Metaspace       used 76406K, committed 76928K, reserved 1179648K
  class space    used 9588K, committed 9856K, reserved 1048576K
}
Event: 133.023 GC heap after
{Heap after GC invocations=37 (full 0):
 garbage-first heap   total 161792K, used 29322K [0x0000000702800000, 0x0000000800000000)
  region size 2048K, 1 young (2048K), 1 survivors (2048K)
 Metaspace       used 76406K, committed 76928K, reserved 1179648K
  class space    used 9588K, committed 9856K, reserved 1048576K
}
Event: 134.173 GC heap before
{Heap before GC invocations=37 (full 0):
 garbage-first heap   total 161792K, used 121482K [0x0000000702800000, 0x0000000800000000)
  region size 2048K, 47 young (96256K), 1 survivors (2048K)
 Metaspace       used 76406K, committed 76928K, reserved 1179648K
  class space    used 9588K, committed 9856K, reserved 1048576K
}
Event: 134.174 GC heap after
{Heap after GC invocations=38 (full 0):
 garbage-first heap   total 161792K, used 29282K [0x0000000702800000, 0x0000000800000000)
  region size 2048K, 1 young (2048K), 1 survivors (2048K)
 Metaspace       used 76406K, committed 76928K, reserved 1179648K
  class space    used 9588K, committed 9856K, reserved 1048576K
}
Event: 135.531 GC heap before
{Heap before GC invocations=38 (full 0):
 garbage-first heap   total 161792K, used 123490K [0x0000000702800000, 0x0000000800000000)
  region size 2048K, 47 young (96256K), 1 survivors (2048K)
 Metaspace       used 76413K, committed 76928K, reserved 1179648K
  class space    used 9588K, committed 9856K, reserved 1048576K
}
Event: 135.532 GC heap after
{Heap after GC invocations=39 (full 0):
 garbage-first heap   total 161792K, used 29254K [0x0000000702800000, 0x0000000800000000)
  region size 2048K, 1 young (2048K), 1 survivors (2048K)
 Metaspace       used 76413K, committed 76928K, reserved 1179648K
  class space    used 9588K, committed 9856K, reserved 1048576K
}
Event: 137.068 GC heap before
{Heap before GC invocations=39 (full 0):
 garbage-first heap   total 161792K, used 121414K [0x0000000702800000, 0x0000000800000000)
  region size 2048K, 47 young (96256K), 1 survivors (2048K)
 Metaspace       used 76413K, committed 76928K, reserved 1179648K
  class space    used 9588K, committed 9856K, reserved 1048576K
}
Event: 137.068 GC heap after
{Heap after GC invocations=40 (full 0):
 garbage-first heap   total 161792K, used 29259K [0x0000000702800000, 0x0000000800000000)
  region size 2048K, 1 young (2048K), 1 survivors (2048K)
 Metaspace       used 76413K, committed 76928K, reserved 1179648K
  class space    used 9588K, committed 9856K, reserved 1048576K
}

